<?xml version="1.0" encoding="UTF-8"?>
<testng-results skipped="0" failed="0" total="1" passed="1">
  <reporter-output>
  </reporter-output>
  <suite name="Default suite" duration-ms="11467" started-at="2021-07-20T11:18:53Z" finished-at="2021-07-20T11:19:04Z">
    <groups>
    </groups>
    <test name="Default test" duration-ms="11467" started-at="2021-07-20T11:18:53Z" finished-at="2021-07-20T11:19:04Z">
      <class name="com.webdrivers.TestdragAnddrop">
        <test-method status="PASS" signature="draganddrop()[pri:0, instance:com.webdrivers.TestdragAnddrop@51565ec2]" name="draganddrop" duration-ms="11369" started-at="2021-07-20T16:48:53Z" finished-at="2021-07-20T16:49:04Z">
          <reporter-output>
          </reporter-output>
        </test-method> <!-- draganddrop -->
      </class> <!-- com.webdrivers.TestdragAnddrop -->
    </test> <!-- Default test -->
  </suite> <!-- Default suite -->
</testng-results>
