<?xml version="1.0" encoding="UTF-8"?>
<testng-results skipped="0" failed="0" total="0" passed="0">
  <reporter-output>
  </reporter-output>
  <suite name="Default suite" duration-ms="718" started-at="2021-07-26T10:31:43Z" finished-at="2021-07-26T10:31:44Z">
    <groups>
      <group name="cucumber">
        <method signature="AbstractTestNGCucumberTests.runScenario(io.cucumber.testng.PickleWrapper, io.cucumber.testng.FeatureWrapper)[pri:0, instance:runner.Run1@6500df86]" name="runScenario" class="io.cucumber.testng.AbstractTestNGCucumberTests"/>
      </group> <!-- cucumber -->
    </groups>
    <test name="Default test" duration-ms="718" started-at="2021-07-26T10:31:43Z" finished-at="2021-07-26T10:31:44Z">
      <class name="runner.Run1">
        <test-method status="PASS" signature="setUpClass()[pri:0, instance:runner.Run1@6500df86]" name="setUpClass" is-config="true" duration-ms="658" started-at="2021-07-26T16:01:43Z" finished-at="2021-07-26T16:01:44Z">
          <reporter-output>
          </reporter-output>
        </test-method> <!-- setUpClass -->
        <test-method status="PASS" signature="tearDownClass()[pri:0, instance:runner.Run1@6500df86]" name="tearDownClass" is-config="true" duration-ms="26" started-at="2021-07-26T16:01:44Z" finished-at="2021-07-26T16:01:44Z">
          <reporter-output>
          </reporter-output>
        </test-method> <!-- tearDownClass -->
      </class> <!-- runner.Run1 -->
    </test> <!-- Default test -->
  </suite> <!-- Default suite -->
</testng-results>
